<?xml version="1.0" encoding="UTF-8"?>
<!-- Generated by org.testng.reporters.JUnitReportReporter -->
<testsuite hostname="Sahana" failures="0" tests="1" name="organization.CreateOrganization_Test" time="12.704" errors="0" timestamp="2024-02-01T18:14:16 IST" skipped="0">
  <testcase classname="organization.CreateOrganization_Test" name="createOrganization_Test" time="12.704"/>
</testsuite> <!-- organization.CreateOrganization_Test -->
